#
# A fatal error has been detected by the Java Runtime Environment:
#
#  EXCEPTION_ACCESS_VIOLATION (0xc0000005) at pc=0x00000107000214e0, pid=10244, tid=11800
#
# JRE version: OpenJDK Runtime Environment Temurin-17.0.5+8 (17.0.5+8) (build 17.0.5+8)
# Java VM: OpenJDK 64-Bit Server VM Temurin-17.0.5+8 (17.0.5+8, mixed mode, tiered, compressed oops, compressed class ptrs, g1 gc, windows-amd64)
# Problematic frame:
# j  sun.nio.ch.NioSocketImpl.getOption(I)Ljava/lang/Object;+161 java.base@17.0.5
#
# No core dump will be written. Minidumps are not enabled by default on client versions of Windows
#
# If you would like to submit a bug report, please visit:
#   https://github.com/adoptium/adoptium-support/issues
#

---------------  S U M M A R Y ------------

Command Line: -XX:+ShowCodeDetailsInExceptionMessages -agentlib:jdwp=transport=dt_socket,suspend=y,address=localhost:52142 -javaagent:C:\Users\Rajkumar\eclipse\jee-2022-12\eclipse\configuration\org.eclipse.osgi\420\0\.cp\lib\javaagent-shaded.jar -Dfile.encoding=UTF-8 com.project.urlshortener.UrlshortenerApplication

Host: Intel(R) Core(TM) i5-7300HQ CPU @ 2.50GHz, 4 cores, 7G,  Windows 10 , 64 bit Build 19041 (10.0.19041.3636)
Time: Mon Jun  3 14:27:33 2024 India Standard Time elapsed time: 47768.211310 seconds (0d 13h 16m 8s)

---------------  T H R E A D  ---------------

Current thread (0x000001077e9bb170):  JavaThread "HikariPool-2 connection closer" daemon [_thread_in_Java, id=11800, stack(0x00000001a6f00000,0x00000001a7000000)]

Stack: [0x00000001a6f00000,0x00000001a7000000],  sp=0x00000001a6ffe770,  free space=1017k
Native frames: (J=compiled Java code, j=interpreted, Vv=VM code, C=native code)
C  0x00000107000214e0


siginfo: EXCEPTION_ACCESS_VIOLATION (0xc0000005), reading address 0x000001407bf6d970


Register to memory mapping:

RIP=0x00000107000214e0 is at code_begin+896 in an Interpreter codelet
getstatic  178 getstatic  [0x0000010700021160, 0x00000107000215e0]  1152 bytes
RAX=0x0000000084400001 is pointing into object: org.springframework.core.io.UrlResource 
{0x0000000084400000} - klass: 'org/springframework/core/io/UrlResource'
 - ---- fields (total size 3 words):
 - private final 'uri' 'Ljava/net/URI;' @12  NULL (0)
 - private final 'url' 'Ljava/net/URL;' @16  a 'java/net/URL'{0x0000000084400018} (84400018)
 - private volatile 'cleanedUrl' 'Ljava/lang/String;' @20  "jar:file:/C:/Users/Rajkumar/.m2/repository/com/fasterxml/jackson/core/jackson-databind/2.15.4/jackson-databind-2.15.4.jar!/com/fasterxml/jackson/databind/jsontype/impl/StdSubtypeResolver.class"{0x0000000084400170} (84400170)
RBX=0x0000000000000074 is an unknown value
RCX=0x0000010715dd11e0 is pointing into metadata
RDX=0x000000000000027c is an unknown value
RSP=0x00000001a6ffe770 is pointing into the stack for thread: 0x000001077e9bb170
RBP=0x00000001a6ffe7c8 is pointing into the stack for thread: 0x000001077e9bb170
RSI=0x000000008389e268 is an oop: [Ljava.util.HashMap$Node; 
{0x000000008389e268} - klass: 'java/util/HashMap$Node'[]
 - length: 32
RDI=0x000001070000a310 is at code_begin+4528 in an Interpreter codelet
return entry points  [0x0000010700009160, 0x000001070000b340]  8672 bytes
R8 =0x0000000000000004 is an unknown value
R9 =0x000001407bf6d970 is an unknown value
R10=0x00007ffcc08fbdc0 jvm.dll
R11=0x0000010707ae2a40 is at entry_point+32 in (nmethod*)0x0000010707ae2890
R12=0x0 is NULL
R13=0x0000010715dd03fa is pointing into metadata
R14=0x00000001a6ffe7f8 is pointing into the stack for thread: 0x000001077e9bb170
R15=0x000001077e9bb170 is a thread


Registers:
RAX=0x0000000084400001, RBX=0x0000000000000074, RCX=0x0000010715dd11e0, RDX=0x000000000000027c
RSP=0x00000001a6ffe770, RBP=0x00000001a6ffe7c8, RSI=0x000000008389e268, RDI=0x000001070000a310
R8 =0x0000000000000004, R9 =0x000001407bf6d970, R10=0x00007ffcc08fbdc0, R11=0x0000010707ae2a40
R12=0x0000000000000000, R13=0x0000010715dd03fa, R14=0x00000001a6ffe7f8, R15=0x000001077e9bb170
RIP=0x00000107000214e0, EFLAGS=0x0000000000010246

Top of Stack: (sp=0x00000001a6ffe770)
0x00000001a6ffe770:   0000000000000009 000000008535a9d0
0x00000001a6ffe780:   00000001a6ffe770 0000010715dd03f1
0x00000001a6ffe790:   00000001a6ffe7f8 0000010715dd11e0
0x00000001a6ffe7a0:   0000000000000000 000000008389f3c8
0x00000001a6ffe7b0:   0000010715dd06e0 0000000000000000
0x00000001a6ffe7c0:   00000001a6ffe7f0 00000001a6ffe848
0x00000001a6ffe7d0:   000001070000a41a 0000000000000000
0x00000001a6ffe7e0:   00000000ffffffff 000000008535a9d0
0x00000001a6ffe7f0:   0000000000000080 000000008535a920
0x00000001a6ffe800:   00000001a6ffe800 0000010715dd86dd
0x00000001a6ffe810:   00000001a6ffe860 0000010715dd8a30
0x00000001a6ffe820:   0000000000000000 000000008389f660
0x00000001a6ffe830:   0000010715dd8708 00000001a6ffe7f0
0x00000001a6ffe840:   00000001a6ffe858 00000001a6ffe8b0
0x00000001a6ffe850:   000001070000a41a 0000000000000080
0x00000001a6ffe860:   000000008535a8e0 00000001a6ffe868 

Instructions: (pc=0x00000107000214e0)
0x00000107000213e0:   77 41 8b 8f fc 03 00 00 f7 c1 01 00 00 00 0f 84
0x00000107000213f0:   49 00 00 00 f7 c1 02 00 00 00 0f 85 3d 00 00 00
0x0000010700021400:   48 83 ec 20 f7 c4 0f 00 00 00 0f 84 1a 00 00 00
0x0000010700021410:   48 83 ec 08 49 ba f0 bf 10 c0 fc 7f 00 00 41 ff
0x0000010700021420:   d2 48 83 c4 08 e9 0d 00 00 00 49 ba f0 bf 10 c0
0x0000010700021430:   fc 7f 00 00 41 ff d2 48 83 c4 20 ff e0 49 8b 8f
0x0000010700021440:   80 04 00 00 48 85 c9 0f 84 59 00 00 00 8b 89 8c
0x0000010700021450:   00 00 00 83 f9 01 0f 85 4a 00 00 00 49 8b 8f 80
0x0000010700021460:   04 00 00 8b 89 90 00 00 00 48 83 ec 20 f7 c4 0f
0x0000010700021470:   00 00 00 0f 84 1a 00 00 00 48 83 ec 08 49 ba e0
0x0000010700021480:   bf 10 c0 fc 7f 00 00 41 ff d2 48 83 c4 08 e9 0d
0x0000010700021490:   00 00 00 49 ba e0 bf 10 c0 fc 7f 00 00 41 ff d2
0x00000107000214a0:   48 83 c4 20 ff e0 49 81 7f 08 00 00 00 00 0f 84
0x00000107000214b0:   05 00 00 00 e9 47 fa fd ff 4c 8b 6d c0 4c 8b 75
0x00000107000214c0:   c8 c3 41 0f b7 55 01 48 8b 4d d0 c1 e2 02 48 8b
0x00000107000214d0:   5c d1 30 8b 44 d1 38 4c 8b 4c d1 28 4d 8b 49 70
0x00000107000214e0:   4d 8b 09 c1 e8 1c 83 e0 0f 0f 85 0b 00 00 00 41
0x00000107000214f0:   0f be 04 19 50 e9 b1 00 00 00 83 f8 01 0f 85 0b
0x0000010700021500:   00 00 00 41 0f b6 04 19 50 e9 9d 00 00 00 83 f8
0x0000010700021510:   08 0f 85 0a 00 00 00 41 8b 04 19 50 e9 8a 00 00
0x0000010700021520:   00 83 f8 04 0f 85 0a 00 00 00 41 8b 04 19 50 e9
0x0000010700021530:   77 00 00 00 83 f8 02 0f 85 0b 00 00 00 41 0f b7
0x0000010700021540:   04 19 50 e9 63 00 00 00 83 f8 03 0f 85 0b 00 00
0x0000010700021550:   00 41 0f bf 04 19 50 e9 4f 00 00 00 83 f8 05 0f
0x0000010700021560:   85 1a 00 00 00 49 8b 04 19 48 83 ec 10 48 89 04
0x0000010700021570:   24 48 c7 44 24 08 00 00 00 00 e9 2c 00 00 00 83
0x0000010700021580:   f8 06 0f 85 14 00 00 00 c4 c1 7a 10 04 19 48 83
0x0000010700021590:   ec 08 c5 fa 11 04 24 e9 0f 00 00 00 c4 c1 7b 10
0x00000107000215a0:   04 19 48 83 ec 10 c5 fb 11 04 24 41 0f b6 5d 03
0x00000107000215b0:   49 83 c5 03 49 ba 70 df 91 c0 fc 7f 00 00 41 ff
0x00000107000215c0:   24 da 66 0f 1f 44 00 00 00 00 00 00 00 00 00 00
0x00000107000215d0:   00 00 00 00 00 00 00 00 00 00 00 00 00 00 00 00 


Stack slot to memory mapping:
stack at sp + 0 slots: 0x0000000000000009 is an unknown value
stack at sp + 1 slots: 0x000000008535a9d0 is an oop: java.lang.Object 
{0x000000008535a9d0} - klass: 'java/lang/Object'
 - ---- fields (total size 2 words):
stack at sp + 2 slots: 0x00000001a6ffe770 is pointing into the stack for thread: 0x000001077e9bb170
stack at sp + 3 slots: 0x0000010715dd03f1 is pointing into metadata
stack at sp + 4 slots: 0x00000001a6ffe7f8 is pointing into the stack for thread: 0x000001077e9bb170
stack at sp + 5 slots: 0x0000010715dd11e0 is pointing into metadata
stack at sp + 6 slots: 0x0 is NULL
stack at sp + 7 slots: 0x000000008389f3c8 is an oop: java.lang.Class 
{0x000000008389f3c8} - klass: 'java/lang/Class'
 - ---- fields (total size 20 words):
 - private volatile transient 'classRedefinedCount' 'I' @12  0
 - private volatile transient 'cachedConstructor' 'Ljava/lang/reflect/Constructor;' @40  NULL (0)
 - private transient 'name' 'Ljava/lang/String;' @44  "sun.nio.ch.NioSocketImpl"{0x00000000838aa598} (838aa598)
 - private transient 'module' 'Ljava/lang/Module;' @48  a 'java/lang/Module'{0x000000008205dc18} (8205dc18)
 - private final 'classLoader' 'Ljava/lang/ClassLoader;' @52  NULL (0)
 - private transient 'classData' 'Ljava/lang/Object;' @56  NULL (0)
 - private transient 'packageName' 'Ljava/lang/String;' @60  "sun.nio.ch"{0x000000008205e9c0} (8205e9c0)
 - private final 'componentType' 'Ljava/lang/Class;' @64  NULL (0)
 - private volatile transient 'reflectionData' 'Ljava/lang/ref/SoftReference;' @68  NULL (0)
 - private volatile transient 'genericInfo' 'Lsun/reflect/generics/repository/ClassRepository;' @72  NULL (0)
 - private volatile transient 'enumConstants' '[Ljava/lang/Object;' @76  NULL (0)
 - private volatile transient 'enumConstantDirectory' 'Ljava/util/Map;' @80  NULL (0)
 - private volatile transient 'annotationData' 'Ljava/lang/Class$AnnotationData;' @84  NULL (0)
 - private volatile transient 'annotationType' 'Lsun/reflect/annotation/AnnotationType;' @88  NULL (0)
 - transient 'classValueMap' 'Ljava/lang/ClassValue$ClassValueMap;' @92  NULL (0)
 - signature: Lsun/nio/ch/NioSocketImpl;
 - fake entry for mirror: 'sun/nio/ch/NioSocketImpl'
 - fake entry for array: NULL
 - fake entry for oop_size: 20
 - fake entry for static_oop_field_count: 3
 - private static final 'nd' 'Lsun/nio/ch/NativeDispatcher;' @112  a 'sun/nio/ch/SocketDispatcher'{0x00000000838aa588} (838aa588)
 - private static final 'MAX_BUFFER_SIZE' 'I' @124  131072 (20000)
 - private static final 'ST_NEW' 'I' @128  0
 - private static final 'ST_UNCONNECTED' 'I' @132  1
 - private static final 'ST_CONNECTING' 'I' @136  2
 - private static final 'ST_CONNECTED' 'I' @140  3
 - private static final 'ST_CLOSING' 'I' @144  4
 - private static final 'ST_CLOSED' 'I' @148  5
 - private static volatile 'clientSocketOptions' 'Ljava/util/Set;' @116  NULL (0)
 - private static volatile 'serverSocketOptions' 'Ljava/util/Set;' @120  NULL (0)
 - static final synthetic '$assertionsDisabled' 'Z' @152  true

getstatic  178 getstatic  [0x0000010700021160, 0x00000107000215e0]  1152 bytes
[MachCode]
  0x0000010700021160: 4883 ec08 | c5fa 1104 | 24e9 2500 | 0000 4883 | ec10 c5fb | 1104 24e9 | 1700 0000 | 4883 ec10 
  0x0000010700021180: 4889 0424 | 48c7 4424 | 0800 0000 | 00e9 0100 | 0000 5041 | 0fb7 5501 | 488b 4dd0 | c1e2 028b 
  0x00000107000211a0: 5cd1 20c1 | eb10 81e3 | ff00 0000 | 81fb b200 | 0000 0f84 | 7b01 0000 | bbb2 0000 | 00e8 0500 
  0x00000107000211c0: 0000 e960 | 0100 0048 | 8bd3 488d | 4424 084c | 896d c049 | 8bcf c5f8 | 7749 89af | 9802 0000 
  0x00000107000211e0: 4989 8788 | 0200 0048 | 83ec 20f7 | c40f 0000 | 000f 841a | 0000 0048 | 83ec 0849 | ba70 1b11 
  0x0000010700021200: c0fc 7f00 | 0041 ffd2 | 4883 c408 | e90d 0000 | 0049 ba70 | 1b11 c0fc | 7f00 0041 | ffd2 4883 
  0x0000010700021220: c420 49c7 | 8788 0200 | 0000 0000 | 0049 c787 | 9802 0000 | 0000 0000 | 49c7 8790 | 0200 0000 
  0x0000010700021240: 0000 00c5 | f877 418b | 8ffc 0300 | 00f7 c101 | 0000 000f | 8449 0000 | 00f7 c102 | 0000 000f 
  0x0000010700021260: 853d 0000 | 0048 83ec | 20f7 c40f | 0000 000f | 841a 0000 | 0048 83ec | 0849 baf0 | bf10 c0fc 
  0x0000010700021280: 7f00 0041 | ffd2 4883 | c408 e90d | 0000 0049 | baf0 bf10 | c0fc 7f00 | 0041 ffd2 | 4883 c420 
  0x00000107000212a0: ffe0 498b | 8f80 0400 | 0048 85c9 | 0f84 5900 | 0000 8b89 | 8c00 0000 | 83f9 010f | 854a 0000 
  0x00000107000212c0: 0049 8b8f | 8004 0000 | 8b89 9000 | 0000 4883 | ec20 f7c4 | 0f00 0000 | 0f84 1a00 | 0000 4883 
  0x00000107000212e0: ec08 49ba | e0bf 10c0 | fc7f 0000 | 41ff d248 | 83c4 08e9 | 0d00 0000 | 49ba e0bf | 10c0 fc7f 
  0x0000010700021300: 0000 41ff | d248 83c4 | 20ff e049 | 817f 0800 | 0000 000f | 8405 0000 | 00e9 e2fb | fdff 4c8b 
  0x0000010700021320: 6dc0 4c8b | 75c8 c341 | 0fb7 5501 | 488b 4dd0 | c1e2 0249 | bac0 bd8f | c0fc 7f00 | 0041 8b02 
  0x0000010700021340: 85c0 0f84 | 8601 0000 | 4883 c120 | c1e2 0348 | 03ca 4833 | c0e8 0500 | 0000 e963 | 0100 004c 
  0x0000010700021360: 8bc1 488b | d048 8d44 | 2408 4c89 | 6dc0 498b | cfc5 f877 | 4989 af98 | 0200 0049 | 8987 8802 
  0x0000010700021380: 0000 4883 | ec20 f7c4 | 0f00 0000 | 0f84 1a00 | 0000 4883 | ec08 49ba | c010 11c0 | fc7f 0000 
  0x00000107000213a0: 41ff d248 | 83c4 08e9 | 0d00 0000 | 49ba c010 | 11c0 fc7f | 0000 41ff | d248 83c4 | 2049 c787 
  0x00000107000213c0: 8802 0000 | 0000 0000 | 49c7 8798 | 0200 0000 | 0000 0049 | c787 9002 | 0000 0000 | 0000 c5f8 
  0x00000107000213e0: 7741 8b8f | fc03 0000 | f7c1 0100 | 0000 0f84 | 4900 0000 | f7c1 0200 | 0000 0f85 | 3d00 0000 
  0x0000010700021400: 4883 ec20 | f7c4 0f00 | 0000 0f84 | 1a00 0000 | 4883 ec08 | 49ba f0bf | 10c0 fc7f | 0000 41ff 
  0x0000010700021420: d248 83c4 | 08e9 0d00 | 0000 49ba | f0bf 10c0 | fc7f 0000 | 41ff d248 | 83c4 20ff | e049 8b8f 
  0x0000010700021440: 8004 0000 | 4885 c90f | 8459 0000 | 008b 898c | 0000 0083 | f901 0f85 | 4a00 0000 | 498b 8f80 
  0x0000010700021460: 0400 008b | 8990 0000 | 0048 83ec | 20f7 c40f | 0000 000f | 841a 0000 | 0048 83ec | 0849 bae0 
  0x0000010700021480: bf10 c0fc | 7f00 0041 | ffd2 4883 | c408 e90d | 0000 0049 | bae0 bf10 | c0fc 7f00 | 0041 ffd2 
  0x00000107000214a0: 4883 c420 | ffe0 4981 | 7f08 0000 | 0000 0f84 | 0500 0000 | e947 fafd | ff4c 8b6d | c04c 8b75 
  0x00000107000214c0: c8c3 410f | b755 0148 | 8b4d d0c1 | e202 488b | 5cd1 308b | 44d1 384c | 8b4c d128 | 4d8b 4970 
  0x00000107000214e0: 4d8b 09c1 | e81c 83e0 | 0f0f 850b | 0000 0041 | 0fbe 0419 | 50e9 b100 | 0000 83f8 | 010f 850b 
  0x0000010700021500: 0000 0041 | 0fb6 0419 | 50e9 9d00 | 0000 83f8 | 080f 850a | 0000 0041 | 8b04 1950 | e98a 0000 
  0x0000010700021520: 0083 f804 | 0f85 0a00 | 0000 418b | 0419 50e9 | 7700 0000 | 83f8 020f | 850b 0000 | 0041 0fb7 
  0x0000010700021540: 0419 50e9 | 6300 0000 | 83f8 030f | 850b 0000 | 0041 0fbf | 0419 50e9 | 4f00 0000 | 83f8 050f 
  0x0000010700021560: 851a 0000 | 0049 8b04 | 1948 83ec | 1048 8904 | 2448 c744 | 2408 0000 | 0000 e92c | 0000 0083 
  0x0000010700021580: f806 0f85 | 1400 0000 | c4c1 7a10 | 0419 4883 | ec08 c5fa | 1104 24e9 | 0f00 0000 | c4c1 7b10 
  0x00000107000215a0: 0419 4883 | ec10 c5fb | 1104 2441 | 0fb6 5d03 | 4983 c503 | 49ba 70df | 91c0 fc7f | 0000 41ff 
  0x00000107000215c0: 24da 660f | 1f44 0000 | 0000 0000 | 0000 0000 | 0000 0000 | 0000 0000 | 0000 0000 | 0000 0000 
[/MachCode]

---------------  P R O C E S S  ---------------

Threads class SMR info:
_java_thread_list=0x000001077d0ae0c0, length=36, elements={
0x000001077bff53d0, 0x000001077bfbdc90, 0x000001077bfe1800, 0x000001077bfe22c0,
0x000001077bfe2d70, 0x000001077bfe3720, 0x000001077bff6840, 0x000001077c8811b0,
0x000001077c893f40, 0x000001077c9abc50, 0x000001077cb26460, 0x000001077cad2590,
0x000001077cad4c30, 0x000001077d52dc80, 0x000001077e9ba7d0, 0x000001077e9bb640,
0x0000010714056030, 0x0000010714058b80, 0x0000010714056ea0, 0x00000107140551c0,
0x00000107140586b0, 0x0000010714059520, 0x0000010714057840, 0x0000010714051cd0,
0x00000107140539b0, 0x00000107140521a0, 0x0000010714052b40, 0x00000107140534e0,
0x0000010714053e80, 0x0000010714054350, 0x0000010714055690, 0x0000010714054820,
0x0000010714054cf0, 0x000001077e9bd320, 0x000001077e9bb170, 0x000001077e9baca0
}

Java Threads: ( => current thread )
  0x000001077bff53d0 JavaThread "Reference Handler" daemon [_thread_blocked, id=3252, stack(0x00000001a7800000,0x00000001a7900000)]
  0x000001077bfbdc90 JavaThread "Finalizer" daemon [_thread_blocked, id=8208, stack(0x00000001a7900000,0x00000001a7a00000)]
  0x000001077bfe1800 JavaThread "Signal Dispatcher" daemon [_thread_blocked, id=5616, stack(0x00000001a7a00000,0x00000001a7b00000)]
  0x000001077bfe22c0 JavaThread "Attach Listener" daemon [_thread_blocked, id=12596, stack(0x00000001a7b00000,0x00000001a7c00000)]
  0x000001077bfe2d70 JavaThread "Service Thread" daemon [_thread_blocked, id=8976, stack(0x00000001a7c00000,0x00000001a7d00000)]
  0x000001077bfe3720 JavaThread "Monitor Deflation Thread" daemon [_thread_blocked, id=8308, stack(0x00000001a7d00000,0x00000001a7e00000)]
  0x000001077bff6840 JavaThread "C2 CompilerThread0" daemon [_thread_blocked, id=5360, stack(0x00000001a7e00000,0x00000001a7f00000)]
  0x000001077c8811b0 JavaThread "C1 CompilerThread0" daemon [_thread_blocked, id=3704, stack(0x00000001a7f00000,0x00000001a8000000)]
  0x000001077c893f40 JavaThread "Sweeper thread" daemon [_thread_blocked, id=5448, stack(0x00000001a8000000,0x00000001a8100000)]
  0x000001077c9abc50 JavaThread "Common-Cleaner" daemon [_thread_blocked, id=8868, stack(0x00000001a8100000,0x00000001a8200000)]
  0x000001077cb26460 JavaThread "JDWP Transport Listener: dt_socket" daemon [_thread_blocked, id=5480, stack(0x00000001a8300000,0x00000001a8400000)]
  0x000001077cad2590 JavaThread "JDWP Event Helper Thread" daemon [_thread_blocked, id=10904, stack(0x00000001a8400000,0x00000001a8500000)]
  0x000001077cad4c30 JavaThread "JDWP Command Reader" daemon [_thread_in_native, id=11468, stack(0x00000001a8500000,0x00000001a8600000)]
  0x000001077d52dc80 JavaThread "Notification Thread" daemon [_thread_blocked, id=7644, stack(0x00000001a8700000,0x00000001a8800000)]
  0x000001077e9ba7d0 JavaThread "mysql-cj-abandoned-connection-cleanup" daemon [_thread_blocked, id=11352, stack(0x00000001a9200000,0x00000001a9300000)]
  0x000001077e9bb640 JavaThread "Live Reload Server" daemon [_thread_in_native, id=3812, stack(0x00000001a9800000,0x00000001a9900000)]
  0x0000010714056030 JavaThread "DestroyJavaVM" [_thread_blocked, id=13124, stack(0x00000001a7100000,0x00000001a7200000)]
  0x0000010714058b80 JavaThread "Catalina-utility-1" [_thread_blocked, id=7904, stack(0x00000001a7000000,0x00000001a7100000)]
  0x0000010714056ea0 JavaThread "Catalina-utility-2" [_thread_blocked, id=6360, stack(0x00000001a8d00000,0x00000001a8e00000)]
  0x00000107140551c0 JavaThread "container-0" [_thread_blocked, id=5204, stack(0x00000001a8e00000,0x00000001a8f00000)]
  0x00000107140586b0 JavaThread "HikariPool-2 housekeeper" daemon [_thread_blocked, id=12260, stack(0x00000001a8f00000,0x00000001a9000000)]
  0x0000010714059520 JavaThread "File Watcher" daemon [_thread_blocked, id=1744, stack(0x00000001a9100000,0x00000001a9200000)]
  0x0000010714057840 JavaThread "http-nio-8080-exec-1" daemon [_thread_blocked, id=6732, stack(0x00000001a9400000,0x00000001a9500000)]
  0x0000010714051cd0 JavaThread "http-nio-8080-exec-2" daemon [_thread_blocked, id=9480, stack(0x00000001a9500000,0x00000001a9600000)]
  0x00000107140539b0 JavaThread "http-nio-8080-exec-3" daemon [_thread_blocked, id=7252, stack(0x00000001a9600000,0x00000001a9700000)]
  0x00000107140521a0 JavaThread "http-nio-8080-exec-4" daemon [_thread_blocked, id=2636, stack(0x00000001a9700000,0x00000001a9800000)]
  0x0000010714052b40 JavaThread "http-nio-8080-exec-5" daemon [_thread_blocked, id=12524, stack(0x00000001a9900000,0x00000001a9a00000)]
  0x00000107140534e0 JavaThread "http-nio-8080-exec-6" daemon [_thread_blocked, id=6172, stack(0x00000001a9a00000,0x00000001a9b00000)]
  0x0000010714053e80 JavaThread "http-nio-8080-exec-7" daemon [_thread_blocked, id=13060, stack(0x00000001a9b00000,0x00000001a9c00000)]
  0x0000010714054350 JavaThread "http-nio-8080-exec-8" daemon [_thread_blocked, id=3580, stack(0x00000001a9c00000,0x00000001a9d00000)]
  0x0000010714055690 JavaThread "http-nio-8080-exec-9" daemon [_thread_blocked, id=2368, stack(0x00000001a9d00000,0x00000001a9e00000)]
  0x0000010714054820 JavaThread "http-nio-8080-exec-10" daemon [_thread_blocked, id=1852, stack(0x00000001a9e00000,0x00000001a9f00000)]
  0x0000010714054cf0 JavaThread "http-nio-8080-Poller" daemon [_thread_in_native, id=8472, stack(0x00000001a9f00000,0x00000001aa000000)]
  0x000001077e9bd320 JavaThread "http-nio-8080-Acceptor" daemon [_thread_in_native, id=8216, stack(0x00000001aa000000,0x00000001aa100000)]
=>0x000001077e9bb170 JavaThread "HikariPool-2 connection closer" daemon [_thread_in_Java, id=11800, stack(0x00000001a6f00000,0x00000001a7000000)]
  0x000001077e9baca0 JavaThread "HikariPool-2 connection adder" daemon [_thread_in_Java, id=3960, stack(0x00000001a8200000,0x00000001a8300000)]

Other Threads:
  0x000001077bfba100 VMThread "VM Thread" [stack: 0x00000001a7700000,0x00000001a7800000] [id=604]
  0x000001076f9af470 WatcherThread [stack: 0x00000001a8800000,0x00000001a8900000] [id=10304]
  0x000001076fa07d30 GCTaskThread "GC Thread#0" [stack: 0x00000001a7200000,0x00000001a7300000] [id=8500]
  0x000001077d52b5b0 GCTaskThread "GC Thread#1" [stack: 0x00000001a8900000,0x00000001a8a00000] [id=360]
  0x000001077d52b860 GCTaskThread "GC Thread#2" [stack: 0x00000001a8a00000,0x00000001a8b00000] [id=2816]
  0x000001077d66ed20 GCTaskThread "GC Thread#3" [stack: 0x00000001a8b00000,0x00000001a8c00000] [id=9396]
  0x000001076fa188f0 ConcurrentGCThread "G1 Main Marker" [stack: 0x00000001a7300000,0x00000001a7400000] [id=9460]
  0x000001076fa19be0 ConcurrentGCThread "G1 Conc#0" [stack: 0x00000001a7400000,0x00000001a7500000] [id=13020]
  0x000001077be204a0 ConcurrentGCThread "G1 Refine#0" [stack: 0x00000001a7500000,0x00000001a7600000] [id=5116]
  0x000001077d737590 ConcurrentGCThread "G1 Refine#1" [stack: 0x00000001a8c00000,0x00000001a8d00000] [id=9040]
  0x000001077be216b0 ConcurrentGCThread "G1 Service" [stack: 0x00000001a7600000,0x00000001a7700000] [id=12508]

Threads with active compile tasks:

VM state: not at safepoint (normal execution)

VM Mutex/Monitor currently owned by a thread: None

Heap address: 0x0000000081c00000, size: 2020 MB, Compressed Oops mode: 32-bit

CDS archive(s) not mapped
Compressed class space mapped at: 0x0000000100000000-0x0000000140000000, reserved size: 1073741824
Narrow klass base: 0x0000000000000000, Narrow klass shift: 3, Narrow klass range: 0x140000000

GC Precious Log:
 CPUs: 4 total, 4 available
 Memory: 8073M
 Large Page Support: Disabled
 NUMA Support: Disabled
 Compressed Oops: Enabled (32-bit)
 Heap Region Size: 1M
 Heap Min Capacity: 8M
 Heap Initial Capacity: 128M
 Heap Max Capacity: 2020M
 Pre-touch: Disabled
 Parallel Workers: 4
 Concurrent Workers: 1
 Concurrent Refinement Workers: 4
 Periodic GC: Disabled

Heap:
 garbage-first heap   total 92160K, used 66051K [0x0000000081c00000, 0x0000000100000000)
  region size 1024K, 28 young (28672K), 3 survivors (3072K)
 Metaspace       used 79619K, committed 80128K, reserved 1122304K
  class space    used 10000K, committed 10240K, reserved 1048576K

Heap Regions: E=young(eden), S=young(survivor), O=old, HS=humongous(starts), HC=humongous(continues), CS=collection set, F=free, OA=open archive, CA=closed archive, TAMS=top-at-mark-start (previous, next)
|   0|0x0000000081c00000, 0x0000000081d00000, 0x0000000081d00000|100%|HS|  |TAMS 0x0000000081d00000, 0x0000000081c00000| Untracked 
|   1|0x0000000081d00000, 0x0000000081e00000, 0x0000000081e00000|100%| O|  |TAMS 0x0000000081e00000, 0x0000000081d00000| Untracked 
|   2|0x0000000081e00000, 0x0000000081efffc0, 0x0000000081f00000| 99%| O|  |TAMS 0x0000000081e00000, 0x0000000081e00000| Untracked 
|   3|0x0000000081f00000, 0x0000000082000000, 0x0000000082000000|100%| O|  |TAMS 0x0000000082000000, 0x0000000081f00000| Untracked 
|   4|0x0000000082000000, 0x00000000820fffb8, 0x0000000082100000| 99%| O|  |TAMS 0x0000000082000000, 0x0000000082000000| Untracked 
|   5|0x0000000082100000, 0x0000000082200000, 0x0000000082200000|100%| O|  |TAMS 0x0000000082200000, 0x0000000082100000| Untracked 
|   6|0x0000000082200000, 0x00000000822fffe8, 0x0000000082300000| 99%| O|  |TAMS 0x0000000082200000, 0x0000000082200000| Untracked 
|   7|0x0000000082300000, 0x00000000823e8880, 0x0000000082400000| 90%| O|  |TAMS 0x0000000082300000, 0x0000000082300000| Untracked 
|   8|0x0000000082400000, 0x00000000824ffff8, 0x0000000082500000| 99%| O|  |TAMS 0x0000000082400000, 0x0000000082400000| Untracked 
|   9|0x0000000082500000, 0x00000000825ffff8, 0x0000000082600000| 99%| O|  |TAMS 0x0000000082500000, 0x0000000082500000| Untracked 
|  10|0x0000000082600000, 0x00000000826fffe0, 0x0000000082700000| 99%| O|  |TAMS 0x0000000082600000, 0x0000000082600000| Untracked 
|  11|0x0000000082700000, 0x00000000827ffff0, 0x0000000082800000| 99%| O|  |TAMS 0x0000000082700000, 0x0000000082700000| Untracked 
|  12|0x0000000082800000, 0x00000000828ffff8, 0x0000000082900000| 99%| O|  |TAMS 0x0000000082800000, 0x0000000082800000| Untracked 
|  13|0x0000000082900000, 0x00000000829fffe8, 0x0000000082a00000| 99%| O|  |TAMS 0x0000000082900000, 0x0000000082900000| Untracked 
|  14|0x0000000082a00000, 0x0000000082b00000, 0x0000000082b00000|100%| O|  |TAMS 0x0000000082a00000, 0x0000000082a00000| Untracked 
|  15|0x0000000082b00000, 0x0000000082bfffb0, 0x0000000082c00000| 99%| O|  |TAMS 0x0000000082b00000, 0x0000000082b00000| Untracked 
|  16|0x0000000082c00000, 0x0000000082cfffd0, 0x0000000082d00000| 99%| O|  |TAMS 0x0000000082c00000, 0x0000000082c00000| Untracked 
|  17|0x0000000082d00000, 0x0000000082dff0c0, 0x0000000082e00000| 99%| O|  |TAMS 0x0000000082d00000, 0x0000000082d00000| Untracked 
|  18|0x0000000082e00000, 0x0000000082f00000, 0x0000000082f00000|100%| O|  |TAMS 0x0000000082e00000, 0x0000000082e00000| Untracked 
|  19|0x0000000082f00000, 0x0000000082ffffb0, 0x0000000083000000| 99%| O|  |TAMS 0x0000000082f00000, 0x0000000082f00000| Untracked 
|  20|0x0000000083000000, 0x00000000830ffff8, 0x0000000083100000| 99%| O|  |TAMS 0x0000000083000000, 0x0000000083000000| Untracked 
|  21|0x0000000083100000, 0x00000000831afce0, 0x0000000083200000| 68%| O|  |TAMS 0x0000000083100000, 0x0000000083100000| Untracked 
|  22|0x0000000083200000, 0x000000008324cfb8, 0x0000000083300000| 30%| O|  |TAMS 0x0000000083200000, 0x0000000083200000| Untracked 
|  23|0x0000000083300000, 0x0000000083400000, 0x0000000083400000|100%| O|  |TAMS 0x0000000083400000, 0x0000000083300000| Untracked 
|  24|0x0000000083400000, 0x0000000083500000, 0x0000000083500000|100%| O|  |TAMS 0x0000000083400000, 0x0000000083400000| Untracked 
|  25|0x0000000083500000, 0x0000000083600000, 0x0000000083600000|100%| O|  |TAMS 0x0000000083500000, 0x0000000083500000| Untracked 
|  26|0x0000000083600000, 0x0000000083679cb8, 0x0000000083700000| 47%| O|  |TAMS 0x0000000083600000, 0x0000000083600000| Untracked 
|  27|0x0000000083700000, 0x0000000083800000, 0x0000000083800000|100%| O|  |TAMS 0x0000000083700000, 0x0000000083700000| Untracked 
|  28|0x0000000083800000, 0x0000000083900000, 0x0000000083900000|100%| O|  |TAMS 0x0000000083900000, 0x0000000083800000| Untracked 
|  29|0x0000000083900000, 0x0000000083a00000, 0x0000000083a00000|100%| O|  |TAMS 0x0000000083900000, 0x0000000083900000| Untracked 
|  30|0x0000000083a00000, 0x0000000083b00000, 0x0000000083b00000|100%| O|  |TAMS 0x0000000083a00000, 0x0000000083a00000| Untracked 
|  31|0x0000000083b00000, 0x0000000083c00000, 0x0000000083c00000|100%| O|  |TAMS 0x0000000083b00000, 0x0000000083b00000| Untracked 
|  32|0x0000000083c00000, 0x0000000083d00000, 0x0000000083d00000|100%| O|  |TAMS 0x0000000083c00000, 0x0000000083c00000| Untracked 
|  33|0x0000000083d00000, 0x0000000083e00000, 0x0000000083e00000|100%| O|  |TAMS 0x0000000083d00000, 0x0000000083d00000| Untracked 
|  34|0x0000000083e00000, 0x0000000083f00000, 0x0000000083f00000|100%| O|  |TAMS 0x0000000083e00000, 0x0000000083e00000| Untracked 
|  35|0x0000000083f00000, 0x0000000084000000, 0x0000000084000000|100%| O|  |TAMS 0x0000000083f00000, 0x0000000083f00000| Untracked 
|  36|0x0000000084000000, 0x0000000084100000, 0x0000000084100000|100%| O|  |TAMS 0x0000000084000000, 0x0000000084000000| Untracked 
|  37|0x0000000084100000, 0x0000000084200000, 0x0000000084200000|100%| O|  |TAMS 0x0000000084100000, 0x0000000084100000| Untracked 
|  38|0x0000000084200000, 0x0000000084267600, 0x0000000084300000| 40%| O|  |TAMS 0x0000000084200000, 0x0000000084200000| Untracked 
|  39|0x0000000084300000, 0x0000000084300000, 0x0000000084400000|  0%| F|  |TAMS 0x0000000084300000, 0x0000000084300000| Untracked 
|  40|0x0000000084400000, 0x0000000084400000, 0x0000000084500000|  0%| F|  |TAMS 0x0000000084400000, 0x0000000084400000| Untracked 
|  41|0x0000000084500000, 0x0000000084500000, 0x0000000084600000|  0%| F|  |TAMS 0x0000000084500000, 0x0000000084500000| Untracked 
|  42|0x0000000084600000, 0x0000000084600000, 0x0000000084700000|  0%| F|  |TAMS 0x0000000084600000, 0x0000000084600000| Untracked 
|  43|0x0000000084700000, 0x0000000084700000, 0x0000000084800000|  0%| F|  |TAMS 0x0000000084700000, 0x0000000084700000| Untracked 
|  44|0x0000000084800000, 0x0000000084800000, 0x0000000084900000|  0%| F|  |TAMS 0x0000000084800000, 0x0000000084800000| Untracked 
|  45|0x0000000084900000, 0x0000000084900000, 0x0000000084a00000|  0%| F|  |TAMS 0x0000000084900000, 0x0000000084900000| Untracked 
|  46|0x0000000084a00000, 0x0000000084a00000, 0x0000000084b00000|  0%| F|  |TAMS 0x0000000084a00000, 0x0000000084a00000| Untracked 
|  47|0x0000000084b00000, 0x0000000084b00000, 0x0000000084c00000|  0%| F|  |TAMS 0x0000000084b00000, 0x0000000084b00000| Untracked 
|  48|0x0000000084c00000, 0x0000000084c00000, 0x0000000084d00000|  0%| F|  |TAMS 0x0000000084c00000, 0x0000000084c00000| Untracked 
|  49|0x0000000084d00000, 0x0000000084dbb7e0, 0x0000000084e00000| 73%| S|CS|TAMS 0x0000000084d00000, 0x0000000084d00000| Complete 
|  50|0x0000000084e00000, 0x0000000084e00000, 0x0000000084f00000|  0%| F|  |TAMS 0x0000000084e00000, 0x0000000084e00000| Untracked 
|  51|0x0000000084f00000, 0x0000000084f00000, 0x0000000085000000|  0%| F|  |TAMS 0x0000000084f00000, 0x0000000084f00000| Untracked 
|  52|0x0000000085000000, 0x0000000085000000, 0x0000000085100000|  0%| F|  |TAMS 0x0000000085000000, 0x0000000085000000| Untracked 
|  53|0x0000000085100000, 0x0000000085200000, 0x0000000085200000|100%| O|  |TAMS 0x0000000085200000, 0x0000000085100000| Untracked 
|  54|0x0000000085200000, 0x0000000085200000, 0x0000000085300000|  0%| F|  |TAMS 0x0000000085200000, 0x0000000085200000| Untracked 
|  55|0x0000000085300000, 0x0000000085400000, 0x0000000085400000|100%| S|CS|TAMS 0x0000000085300000, 0x0000000085300000| Complete 
|  56|0x0000000085400000, 0x0000000085500000, 0x0000000085500000|100%| S|CS|TAMS 0x0000000085400000, 0x0000000085400000| Complete 
|  57|0x0000000085500000, 0x0000000085500000, 0x0000000085600000|  0%| F|  |TAMS 0x0000000085500000, 0x0000000085500000| Untracked 
|  58|0x0000000085600000, 0x0000000085600000, 0x0000000085700000|  0%| F|  |TAMS 0x0000000085600000, 0x0000000085600000| Untracked 
|  59|0x0000000085700000, 0x0000000085700000, 0x0000000085800000|  0%| F|  |TAMS 0x0000000085700000, 0x0000000085700000| Untracked 
|  60|0x0000000085800000, 0x0000000085800000, 0x0000000085900000|  0%| F|  |TAMS 0x0000000085800000, 0x0000000085800000| Untracked 
|  61|0x0000000085900000, 0x0000000085900000, 0x0000000085a00000|  0%| F|  |TAMS 0x0000000085900000, 0x0000000085900000| Untracked 
|  62|0x0000000085a00000, 0x0000000085a00000, 0x0000000085b00000|  0%| F|  |TAMS 0x0000000085a00000, 0x0000000085a00000| Untracked 
|  63|0x0000000085b00000, 0x0000000085b00000, 0x0000000085c00000|  0%| F|  |TAMS 0x0000000085b00000, 0x0000000085b00000| Untracked 
|  64|0x0000000085c00000, 0x0000000085c00000, 0x0000000085d00000|  0%| F|  |TAMS 0x0000000085c00000, 0x0000000085c00000| Untracked 
|  65|0x0000000085d00000, 0x0000000085e00000, 0x0000000085e00000|100%| E|  |TAMS 0x0000000085d00000, 0x0000000085d00000| Complete 
|  66|0x0000000085e00000, 0x0000000085f00000, 0x0000000085f00000|100%| E|CS|TAMS 0x0000000085e00000, 0x0000000085e00000| Complete 
|  67|0x0000000085f00000, 0x0000000086000000, 0x0000000086000000|100%| E|CS|TAMS 0x0000000085f00000, 0x0000000085f00000| Complete 
|  68|0x0000000086000000, 0x0000000086100000, 0x0000000086100000|100%| E|CS|TAMS 0x0000000086000000, 0x0000000086000000| Complete 
|  69|0x0000000086100000, 0x0000000086200000, 0x0000000086200000|100%| E|CS|TAMS 0x0000000086100000, 0x0000000086100000| Complete 
|  70|0x0000000086200000, 0x0000000086300000, 0x0000000086300000|100%| E|CS|TAMS 0x0000000086200000, 0x0000000086200000| Complete 
|  71|0x0000000086300000, 0x0000000086400000, 0x0000000086400000|100%| E|CS|TAMS 0x0000000086300000, 0x0000000086300000| Complete 
|  72|0x0000000086400000, 0x0000000086500000, 0x0000000086500000|100%| E|CS|TAMS 0x0000000086400000, 0x0000000086400000| Complete 
|  73|0x0000000086500000, 0x0000000086600000, 0x0000000086600000|100%| E|CS|TAMS 0x0000000086500000, 0x0000000086500000| Complete 
|  74|0x0000000086600000, 0x0000000086700000, 0x0000000086700000|100%| E|CS|TAMS 0x0000000086600000, 0x0000000086600000| Complete 
|  75|0x0000000086700000, 0x0000000086800000, 0x0000000086800000|100%| E|CS|TAMS 0x0000000086700000, 0x0000000086700000| Complete 
|  76|0x0000000086800000, 0x0000000086900000, 0x0000000086900000|100%| E|CS|TAMS 0x0000000086800000, 0x0000000086800000| Complete 
|  77|0x0000000086900000, 0x0000000086a00000, 0x0000000086a00000|100%| E|CS|TAMS 0x0000000086900000, 0x0000000086900000| Complete 
|  78|0x0000000086a00000, 0x0000000086b00000, 0x0000000086b00000|100%| E|CS|TAMS 0x0000000086a00000, 0x0000000086a00000| Complete 
|  79|0x0000000086b00000, 0x0000000086c00000, 0x0000000086c00000|100%| E|CS|TAMS 0x0000000086b00000, 0x0000000086b00000| Complete 
|  80|0x0000000086c00000, 0x0000000086d00000, 0x0000000086d00000|100%| E|CS|TAMS 0x0000000086c00000, 0x0000000086c00000| Complete 
|  81|0x0000000086d00000, 0x0000000086e00000, 0x0000000086e00000|100%| E|CS|TAMS 0x0000000086d00000, 0x0000000086d00000| Complete 
|  82|0x0000000086e00000, 0x0000000086f00000, 0x0000000086f00000|100%| E|CS|TAMS 0x0000000086e00000, 0x0000000086e00000| Complete 
|  83|0x0000000086f00000, 0x0000000087000000, 0x0000000087000000|100%| E|CS|TAMS 0x0000000086f00000, 0x0000000086f00000| Complete 
|  84|0x0000000087000000, 0x0000000087100000, 0x0000000087100000|100%| E|CS|TAMS 0x0000000087000000, 0x0000000087000000| Complete 
|  85|0x0000000087100000, 0x0000000087200000, 0x0000000087200000|100%| E|CS|TAMS 0x0000000087100000, 0x0000000087100000| Complete 
|  86|0x0000000087200000, 0x0000000087300000, 0x0000000087300000|100%| E|CS|TAMS 0x0000000087200000, 0x0000000087200000| Complete 
|  87|0x0000000087300000, 0x0000000087400000, 0x0000000087400000|100%| E|CS|TAMS 0x0000000087300000, 0x0000000087300000| Complete 
|  88|0x0000000087400000, 0x0000000087500000, 0x0000000087500000|100%| E|CS|TAMS 0x0000000087400000, 0x0000000087400000| Complete 
|  89|0x0000000087500000, 0x0000000087600000, 0x0000000087600000|100%| E|CS|TAMS 0x0000000087500000, 0x0000000087500000| Complete 

Card table byte_map: [0x00000107752a0000,0x00000107756a0000] _byte_map_base: 0x0000010774e92000

Marking Bits (Prev, Next): (CMBitMap*) 0x000001076fa08380, (CMBitMap*) 0x000001076fa08340
 Prev Bits: [0x0000010777a30000, 0x00000107799c0000)
 Next Bits: [0x0000010775aa0000, 0x0000010777a30000)

Polling page: 0x000001076f850000

Metaspace:

Usage:
  Non-class:     67.99 MB used.
      Class:      9.77 MB used.
       Both:     77.75 MB used.

Virtual space:
  Non-class space:       72.00 MB reserved,      68.25 MB ( 95%) committed,  9 nodes.
      Class space:        1.00 GB reserved,      10.00 MB ( <1%) committed,  1 nodes.
             Both:        1.07 GB reserved,      78.25 MB (  7%) committed. 

Chunk freelists:
   Non-Class:  3.38 MB
       Class:  1.82 MB
        Both:  5.19 MB

MaxMetaspaceSize: unlimited
CompressedClassSpaceSize: 1.00 GB
Initial GC threshold: 21.00 MB
Current GC threshold: 128.88 MB
CDS: off
MetaspaceReclaimPolicy: balanced
 - commit_granule_bytes: 65536.
 - commit_granule_words: 8192.
 - virtual_space_node_default_size: 1048576.
 - enlarge_chunks_in_place: 1.
 - new_chunks_are_fully_committed: 0.
 - uncommit_free_chunks: 1.
 - use_allocation_guard: 0.
 - handle_deallocations: 1.


Internal statistics:

num_allocs_failed_limit: 17.
num_arena_births: 790.
num_arena_deaths: 0.
num_vsnodes_births: 10.
num_vsnodes_deaths: 0.
num_space_committed: 1252.
num_space_uncommitted: 0.
num_chunks_returned_to_freelist: 17.
num_chunks_taken_from_freelist: 3242.
num_chunk_merges: 17.
num_chunk_splits: 2362.
num_chunks_enlarged: 1852.
num_purges: 2.
num_inconsistent_stats: 0.

CodeHeap 'non-profiled nmethods': size=120000Kb used=5541Kb max_used=5541Kb free=114458Kb
 bounds [0x0000010707ad0000, 0x0000010708040000, 0x000001070f000000]
CodeHeap 'profiled nmethods': size=120000Kb used=11947Kb max_used=13768Kb free=108052Kb
 bounds [0x00000107005a0000, 0x0000010701320000, 0x0000010707ad0000]
CodeHeap 'non-nmethods': size=5760Kb used=1435Kb max_used=1538Kb free=4324Kb
 bounds [0x0000010700000000, 0x0000010700270000, 0x00000107005a0000]
 total_blobs=7344 nmethods=6640 adapters=615
 compilation: enabled
              stopped_count=0, restarted_count=0
 full_count=0

Compilation events (20 events):
Event: 47755.442 Thread 0x000001077c9b01c0 nmethod 8293 0x0000010707d12c90 code [0x0000010707d12e20, 0x0000010707d12f48]
Event: 47755.442 Thread 0x000001077c9b01c0 8297   !   4       java.util.concurrent.FutureTask::runAndReset (125 bytes)
Event: 47755.456 Thread 0x000001077c9b01c0 nmethod 8297 0x0000010707d11610 code [0x0000010707d117e0, 0x0000010707d120b8]
Event: 47755.456 Thread 0x000001077c9b01c0 8298       4       java.util.concurrent.Executors$RunnableAdapter::call (14 bytes)
Event: 47755.458 Thread 0x000001077bff6840 nmethod 8296 0x0000010708034c10 code [0x0000010708034e20, 0x00000107080359d0]
Event: 47755.458 Thread 0x000001077bff6840 8301       4       java.util.concurrent.ConcurrentHashMap$KeySetView::iterator (34 bytes)
Event: 47755.465 Thread 0x000001077bff6840 nmethod 8301 0x0000010707d10b90 code [0x0000010707d10d20, 0x0000010707d11318]
Event: 47755.465 Thread 0x000001077bff6840 8302       4       java.util.concurrent.ConcurrentHashMap$KeyIterator::<init> (12 bytes)
Event: 47755.465 Thread 0x000001077c9b01c0 nmethod 8298 0x0000010708036610 code [0x00000107080367a0, 0x0000010708036d58]
Event: 47755.465 Thread 0x000001077c9b01c0 8303       4       org.apache.coyote.AbstractProtocol$$Lambda$1377/0x00000001009226e0::run (8 bytes)
Event: 47755.471 Thread 0x000001077bff6840 nmethod 8302 0x0000010707d0ff10 code [0x0000010707d100a0, 0x0000010707d106d8]
Event: 47755.471 Thread 0x000001077bff6840 8304       4       org.apache.coyote.AbstractProtocol::lambda$startAsyncTimeout$1 (46 bytes)
Event: 47755.474 Thread 0x000001077c9b01c0 nmethod 8303 0x0000010708037310 code [0x00000107080374a0, 0x0000010708037958]
Event: 47755.474 Thread 0x000001077c9b01c0 8281       4       java.util.concurrent.locks.LockSupport::setBlocker (12 bytes)
Event: 47755.475 Thread 0x000001077c9b01c0 nmethod 8281 0x0000010708037e90 code [0x0000010708038000, 0x0000010708038138]
Event: 47755.480 Thread 0x000001077bff6840 nmethod 8304 0x0000010708038190 code [0x0000010708038320, 0x0000010708038758]
Event: 47763.919 Thread 0x000001077bff6840 8306       4       org.apache.coyote.AbstractProtocol$$Lambda$1377/0x00000001009226e0::run (8 bytes)
Event: 47763.931 Thread 0x000001077bff6840 nmethod 8306 0x0000010708038c10 code [0x0000010708038da0, 0x0000010708039158]
Event: 47768.201 Thread 0x000001077c8811b0 8307       3       com.mysql.cj.jdbc.ConnectionImpl::getSession (5 bytes)
Event: 47768.201 Thread 0x000001077c8811b0 nmethod 8307 0x0000010700903910 code [0x0000010700903aa0, 0x0000010700903bd8]

GC Heap History (20 events):
Event: 7.237 GC heap before
{Heap before GC invocations=18 (full 0):
 garbage-first heap   total 167936K, used 125711K [0x0000000081c00000, 0x0000000100000000)
  region size 1024K, 98 young (100352K), 3 survivors (3072K)
 Metaspace       used 56353K, committed 56832K, reserved 1105920K
  class space    used 6808K, committed 7040K, reserved 1048576K
}
Event: 7.240 GC heap after
{Heap after GC invocations=19 (full 0):
 garbage-first heap   total 167936K, used 31065K [0x0000000081c00000, 0x0000000100000000)
  region size 1024K, 4 young (4096K), 4 survivors (4096K)
 Metaspace       used 56353K, committed 56832K, reserved 1105920K
  class space    used 6808K, committed 7040K, reserved 1048576K
}
Event: 7.503 GC heap before
{Heap before GC invocations=19 (full 0):
 garbage-first heap   total 167936K, used 63833K [0x0000000081c00000, 0x0000000100000000)
  region size 1024K, 38 young (38912K), 4 survivors (4096K)
 Metaspace       used 59983K, committed 60416K, reserved 1105920K
  class space    used 7251K, committed 7488K, reserved 1048576K
}
Event: 7.508 GC heap after
{Heap after GC invocations=20 (full 0):
 garbage-first heap   total 167936K, used 31575K [0x0000000081c00000, 0x0000000100000000)
  region size 1024K, 5 young (5120K), 5 survivors (5120K)
 Metaspace       used 59983K, committed 60416K, reserved 1105920K
  class space    used 7251K, committed 7488K, reserved 1048576K
}
Event: 8.292 GC heap before
{Heap before GC invocations=21 (full 0):
 garbage-first heap   total 126976K, used 101207K [0x0000000081c00000, 0x0000000100000000)
  region size 1024K, 74 young (75776K), 5 survivors (5120K)
 Metaspace       used 66907K, committed 67392K, reserved 1114112K
  class space    used 8422K, committed 8640K, reserved 1048576K
}
Event: 8.300 GC heap after
{Heap after GC invocations=22 (full 0):
 garbage-first heap   total 126976K, used 33096K [0x0000000081c00000, 0x0000000100000000)
  region size 1024K, 6 young (6144K), 6 survivors (6144K)
 Metaspace       used 66907K, committed 67392K, reserved 1114112K
  class space    used 8422K, committed 8640K, reserved 1048576K
}
Event: 9.732 GC heap before
{Heap before GC invocations=23 (full 0):
 garbage-first heap   total 119808K, used 97608K [0x0000000081c00000, 0x0000000100000000)
  region size 1024K, 70 young (71680K), 6 survivors (6144K)
 Metaspace       used 71727K, committed 72256K, reserved 1114112K
  class space    used 9088K, committed 9344K, reserved 1048576K
}
Event: 9.740 GC heap after
{Heap after GC invocations=24 (full 0):
 garbage-first heap   total 119808K, used 36684K [0x0000000081c00000, 0x0000000100000000)
  region size 1024K, 8 young (8192K), 8 survivors (8192K)
 Metaspace       used 71727K, committed 72256K, reserved 1114112K
  class space    used 9088K, committed 9344K, reserved 1048576K
}
Event: 49.708 GC heap before
{Heap before GC invocations=24 (full 0):
 garbage-first heap   total 119808K, used 98124K [0x0000000081c00000, 0x0000000100000000)
  region size 1024K, 68 young (69632K), 8 survivors (8192K)
 Metaspace       used 77273K, committed 77824K, reserved 1122304K
  class space    used 9822K, committed 10112K, reserved 1048576K
}
Event: 49.717 GC heap after
{Heap after GC invocations=25 (full 0):
 garbage-first heap   total 119808K, used 39353K [0x0000000081c00000, 0x0000000100000000)
  region size 1024K, 7 young (7168K), 7 survivors (7168K)
 Metaspace       used 77273K, committed 77824K, reserved 1122304K
  class space    used 9822K, committed 10112K, reserved 1048576K
}
Event: 288.439 GC heap before
{Heap before GC invocations=25 (full 0):
 garbage-first heap   total 119808K, used 58809K [0x0000000081c00000, 0x0000000100000000)
  region size 1024K, 27 young (27648K), 7 survivors (7168K)
 Metaspace       used 78618K, committed 79168K, reserved 1122304K
  class space    used 9975K, committed 10240K, reserved 1048576K
}
Event: 288.490 GC heap after
{Heap after GC invocations=26 (full 1):
 garbage-first heap   total 92160K, used 25976K [0x0000000081c00000, 0x0000000100000000)
  region size 1024K, 0 young (0K), 0 survivors (0K)
 Metaspace       used 78618K, committed 79168K, reserved 1122304K
  class space    used 9975K, committed 10240K, reserved 1048576K
}
Event: 288.720 GC heap before
{Heap before GC invocations=26 (full 1):
 garbage-first heap   total 92160K, used 73080K [0x0000000081c00000, 0x0000000100000000)
  region size 1024K, 47 young (48128K), 0 survivors (0K)
 Metaspace       used 78640K, committed 79168K, reserved 1122304K
  class space    used 9977K, committed 10240K, reserved 1048576K
}
Event: 288.724 GC heap after
{Heap after GC invocations=27 (full 1):
 garbage-first heap   total 92160K, used 31024K [0x0000000081c00000, 0x0000000100000000)
  region size 1024K, 5 young (5120K), 5 survivors (5120K)
 Metaspace       used 78640K, committed 79168K, reserved 1122304K
  class space    used 9977K, committed 10240K, reserved 1048576K
}
Event: 288.826 GC heap before
{Heap before GC invocations=27 (full 1):
 garbage-first heap   total 92160K, used 71984K [0x0000000081c00000, 0x0000000100000000)
  region size 1024K, 46 young (47104K), 5 survivors (5120K)
 Metaspace       used 78640K, committed 79168K, reserved 1122304K
  class space    used 9977K, committed 10240K, reserved 1048576K
}
Event: 288.831 GC heap after
{Heap after GC invocations=28 (full 1):
 garbage-first heap   total 92160K, used 35454K [0x0000000081c00000, 0x0000000100000000)
  region size 1024K, 5 young (5120K), 5 survivors (5120K)
 Metaspace       used 78640K, committed 79168K, reserved 1122304K
  class space    used 9977K, committed 10240K, reserved 1048576K
}
Event: 289.341 GC heap before
{Heap before GC invocations=28 (full 1):
 garbage-first heap   total 92160K, used 70270K [0x0000000081c00000, 0x0000000100000000)
  region size 1024K, 40 young (40960K), 5 survivors (5120K)
 Metaspace       used 78869K, committed 79424K, reserved 1122304K
  class space    used 9981K, committed 10240K, reserved 1048576K
}
Event: 289.347 GC heap after
{Heap after GC invocations=29 (full 1):
 garbage-first heap   total 92160K, used 39169K [0x0000000081c00000, 0x0000000100000000)
  region size 1024K, 4 young (4096K), 4 survivors (4096K)
 Metaspace       used 78869K, committed 79424K, reserved 1122304K
  class space    used 9981K, committed 10240K, reserved 1048576K
}
Event: 290.891 GC heap before
{Heap before GC invocations=29 (full 1):
 garbage-first heap   total 92160K, used 72961K [0x0000000081c00000, 0x0000000100000000)
  region size 1024K, 37 young (37888K), 4 survivors (4096K)
 Metaspace       used 79452K, committed 80000K, reserved 1122304K
  class space    used 9996K, committed 10240K, reserved 1048576K
}
Event: 290.897 GC heap after
{Heap after GC invocations=30 (full 1):
 garbage-first heap   total 92160K, used 41475K [0x0000000081c00000, 0x0000000100000000)
  region size 1024K, 3 young (3072K), 3 survivors (3072K)
 Metaspace       used 79452K, committed 80000K, reserved 1122304K
  class space    used 9996K, committed 10240K, reserved 1048576K
}

Dll operation events (11 events):
Event: 0.012 Loaded shared library C:\Users\Rajkumar\.p2\pool\plugins\org.eclipse.justj.openjdk.hotspot.jre.full.win32.x86_64_17.0.5.v20221102-0933\jre\bin\java.dll
Event: 0.356 Loaded shared library C:\Users\Rajkumar\.p2\pool\plugins\org.eclipse.justj.openjdk.hotspot.jre.full.win32.x86_64_17.0.5.v20221102-0933\jre\bin\zip.dll
Event: 0.367 Loaded shared library C:\Users\Rajkumar\.p2\pool\plugins\org.eclipse.justj.openjdk.hotspot.jre.full.win32.x86_64_17.0.5.v20221102-0933\jre\bin\instrument.dll
Event: 0.423 Loaded shared library C:\Users\Rajkumar\.p2\pool\plugins\org.eclipse.justj.openjdk.hotspot.jre.full.win32.x86_64_17.0.5.v20221102-0933\jre\bin\net.dll
Event: 0.425 Loaded shared library C:\Users\Rajkumar\.p2\pool\plugins\org.eclipse.justj.openjdk.hotspot.jre.full.win32.x86_64_17.0.5.v20221102-0933\jre\bin\nio.dll
Event: 0.440 Loaded shared library C:\Users\Rajkumar\.p2\pool\plugins\org.eclipse.justj.openjdk.hotspot.jre.full.win32.x86_64_17.0.5.v20221102-0933\jre\bin\zip.dll
Event: 0.671 Loaded shared library C:\Users\Rajkumar\.p2\pool\plugins\org.eclipse.justj.openjdk.hotspot.jre.full.win32.x86_64_17.0.5.v20221102-0933\jre\bin\jimage.dll
Event: 0.769 Loaded shared library C:\Users\Rajkumar\.p2\pool\plugins\org.eclipse.justj.openjdk.hotspot.jre.full.win32.x86_64_17.0.5.v20221102-0933\jre\bin\verify.dll
Event: 1.151 Loaded shared library C:\Users\Rajkumar\.p2\pool\plugins\org.eclipse.justj.openjdk.hotspot.jre.full.win32.x86_64_17.0.5.v20221102-0933\jre\bin\management.dll
Event: 1.154 Loaded shared library C:\Users\Rajkumar\.p2\pool\plugins\org.eclipse.justj.openjdk.hotspot.jre.full.win32.x86_64_17.0.5.v20221102-0933\jre\bin\management_ext.dll
Event: 2.372 Loaded shared library C:\Users\Rajkumar\.p2\pool\plugins\org.eclipse.justj.openjdk.hotspot.jre.full.win32.x86_64_17.0.5.v20221102-0933\jre\bin\sunmscapi.dll

Deoptimization events (20 events):
Event: 47768.200 Thread 0x000001077e9bb170 DEOPT PACKING pc=0x0000010701278f24 sp=0x00000001a6ffe6f0
Event: 47768.200 Thread 0x000001077e9bb170 DEOPT UNPACKING pc=0x0000010700052b43 sp=0x00000001a6ffdb98 mode 1
Event: 47768.200 Thread 0x000001077e9bb170 DEOPT PACKING pc=0x0000010701278bac sp=0x00000001a6ffe750
Event: 47768.200 Thread 0x000001077e9bb170 DEOPT UNPACKING pc=0x0000010700052b43 sp=0x00000001a6ffdc18 mode 1
Event: 47768.201 Thread 0x000001077e9bb170 DEOPT PACKING pc=0x00000107010adae9 sp=0x00000001a6ffe5e0
Event: 47768.201 Thread 0x000001077e9bb170 DEOPT UNPACKING pc=0x0000010700052b43 sp=0x00000001a6ffda98 mode 1
Event: 47768.201 Thread 0x000001077e9bb170 DEOPT PACKING pc=0x000001070103df5c sp=0x00000001a6ffe340
Event: 47768.201 Thread 0x000001077e9bb170 DEOPT UNPACKING pc=0x0000010700052b43 sp=0x00000001a6ffd790 mode 1
Event: 47768.201 Thread 0x000001077e9bb170 DEOPT PACKING pc=0x000001070122977c sp=0x00000001a6ffe3f0
Event: 47768.201 Thread 0x000001077e9bb170 DEOPT UNPACKING pc=0x0000010700052b43 sp=0x00000001a6ffd8a8 mode 1
Event: 47768.201 Thread 0x000001077e9bb170 DEOPT PACKING pc=0x000001070086944c sp=0x00000001a6ffe4a0
Event: 47768.201 Thread 0x000001077e9bb170 DEOPT UNPACKING pc=0x0000010700052b43 sp=0x00000001a6ffd9b0 mode 1
Event: 47768.201 Thread 0x000001077e9bb170 DEOPT PACKING pc=0x00000107010630fc sp=0x00000001a6ffe590
Event: 47768.201 Thread 0x000001077e9bb170 DEOPT UNPACKING pc=0x0000010700052b43 sp=0x00000001a6ffdab8 mode 1
Event: 47768.201 Thread 0x000001077e9bb170 DEOPT PACKING pc=0x0000010700c35f24 sp=0x00000001a6ffe690
Event: 47768.201 Thread 0x000001077e9bb170 DEOPT UNPACKING pc=0x0000010700052b43 sp=0x00000001a6ffdb38 mode 1
Event: 47768.201 Thread 0x000001077e9bb170 DEOPT PACKING pc=0x0000010700c69b2c sp=0x00000001a6ffe6f0
Event: 47768.201 Thread 0x000001077e9bb170 DEOPT UNPACKING pc=0x0000010700052b43 sp=0x00000001a6ffdbb8 mode 1
Event: 47768.201 Thread 0x000001077e9bb170 DEOPT PACKING pc=0x0000010700a2975f sp=0x00000001a6ffe620
Event: 47768.201 Thread 0x000001077e9bb170 DEOPT UNPACKING pc=0x0000010700052b43 sp=0x00000001a6ffda90 mode 1

Classes unloaded (0 events):
No events

Classes redefined (0 events):
No events

Internal exceptions (20 events):
Event: 289.212 Thread 0x0000010714059050 Exception <a 'java/lang/NoClassDefFoundError'{0x0000000085842558}: org/springframework/batch/core/repository/JobRepository> (0x0000000085842558) 
thrown [s\src\hotspot\share\oops\constantPool.cpp, line 835]
Event: 289.213 Thread 0x0000010714059050 Exception <a 'java/lang/NoClassDefFoundError'{0x0000000085842ba0}: org/quartz/Scheduler> (0x0000000085842ba0) 
thrown [s\src\hotspot\share\oops\constantPool.cpp, line 835]
Event: 289.213 Thread 0x0000010714059050 Exception <a 'java/lang/NoClassDefFoundError'{0x0000000085843210}: org/springframework/session/jdbc/JdbcIndexedSessionRepository> (0x0000000085843210) 
thrown [s\src\hotspot\share\oops\constantPool.cpp, line 835]
Event: 289.350 Thread 0x0000010714059050 Exception <a 'sun/nio/fs/WindowsException'{0x000000008753cc40}> (0x000000008753cc40) 
thrown [s\src\hotspot\share\prims\jni.cpp, line 516]
Event: 289.350 Thread 0x0000010714059050 Exception <a 'sun/nio/fs/WindowsException'{0x000000008753d368}> (0x000000008753d368) 
thrown [s\src\hotspot\share\prims\jni.cpp, line 516]
Event: 289.350 Thread 0x0000010714059050 Exception <a 'sun/nio/fs/WindowsException'{0x000000008753da60}> (0x000000008753da60) 
thrown [s\src\hotspot\share\prims\jni.cpp, line 516]
Event: 289.364 Thread 0x0000010714059050 Exception <a 'java/io/FileNotFoundException'{0x0000000087573de8}> (0x0000000087573de8) 
thrown [s\src\hotspot\share\prims\jni.cpp, line 516]
Event: 289.396 Thread 0x0000010714059050 Exception <a 'java/io/FileNotFoundException'{0x0000000087311bf0}> (0x0000000087311bf0) 
thrown [s\src\hotspot\share\prims\jni.cpp, line 516]
Event: 289.467 Thread 0x0000010714059050 Exception <a 'sun/nio/fs/WindowsException'{0x00000000870e5690}> (0x00000000870e5690) 
thrown [s\src\hotspot\share\prims\jni.cpp, line 516]
Event: 290.254 Thread 0x0000010714059050 Exception <a 'sun/nio/fs/WindowsException'{0x0000000085e672e0}> (0x0000000085e672e0) 
thrown [s\src\hotspot\share\prims\jni.cpp, line 516]
Event: 47756.097 Thread 0x0000010714058b80 Implicit null exception at 0x0000010708034f8c to 0x00000107080357cc
Event: 47756.933 Thread 0x0000010714056ea0 Implicit null exception at 0x0000010708034f8c to 0x00000107080357cc
Event: 47757.921 Thread 0x0000010714056ea0 Implicit null exception at 0x0000010708034f8c to 0x00000107080357cc
Event: 47758.923 Thread 0x0000010714056ea0 Implicit null exception at 0x0000010708034f8c to 0x00000107080357cc
Event: 47760.487 Thread 0x0000010714056ea0 Implicit null exception at 0x0000010707d1190b to 0x0000010707d11f44
Event: 47760.932 Thread 0x0000010714058b80 Implicit null exception at 0x000001070803684e to 0x0000010708036cd8
Event: 47761.926 Thread 0x0000010714056ea0 Implicit null exception at 0x000001070803752a to 0x00000107080378e8
Event: 47762.922 Thread 0x0000010714058b80 Implicit null exception at 0x0000010708038391 to 0x00000107080386e8
Event: 47768.200 Thread 0x000001077e9bb170 Exception <a 'java/io/IOException'{0x0000000085dfb768}> (0x0000000085dfb768) 
thrown [s\src\hotspot\share\prims\jni.cpp, line 516]
Event: 47768.201 Thread 0x000001077e9bb170 Exception <a 'java/io/IOException'{0x0000000085dfc2a8}> (0x0000000085dfc2a8) 
thrown [s\src\hotspot\share\prims\jni.cpp, line 516]

VM Operations (20 events):
Event: 719.798 Executing VM operation: Cleanup
Event: 719.799 Executing VM operation: Cleanup done
Event: 823.731 Executing VM operation: Cleanup
Event: 823.731 Executing VM operation: Cleanup done
Event: 833.830 Executing VM operation: Cleanup
Event: 833.830 Executing VM operation: Cleanup done
Event: 837.859 Executing VM operation: Cleanup
Event: 837.859 Executing VM operation: Cleanup done
Event: 883.258 Executing VM operation: Cleanup
Event: 883.258 Executing VM operation: Cleanup done
Event: 920.577 Executing VM operation: Cleanup
Event: 920.577 Executing VM operation: Cleanup done
Event: 960.900 Executing VM operation: Cleanup
Event: 960.900 Executing VM operation: Cleanup done
Event: 1058.599 Executing VM operation: Cleanup
Event: 1058.599 Executing VM operation: Cleanup done
Event: 1082.783 Executing VM operation: Cleanup
Event: 1082.783 Executing VM operation: Cleanup done
Event: 47755.795 Executing VM operation: Cleanup
Event: 47755.795 Executing VM operation: Cleanup done

Events (20 events):
Event: 290.944 Thread 0x000001077c893f40 flushing nmethod 0x00000107010ee090
Event: 290.944 Thread 0x000001077c893f40 flushing nmethod 0x00000107010f3f10
Event: 290.944 Thread 0x000001077c893f40 flushing nmethod 0x00000107010f6910
Event: 290.944 Thread 0x000001077c893f40 flushing nmethod 0x00000107010f7b10
Event: 290.944 Thread 0x000001077c893f40 flushing nmethod 0x00000107010f7f10
Event: 290.944 Thread 0x000001077c893f40 flushing nmethod 0x0000010701131c90
Event: 290.944 Thread 0x000001077c893f40 flushing nmethod 0x000001070113a710
Event: 290.944 Thread 0x000001077c893f40 flushing nmethod 0x0000010701154110
Event: 290.944 Thread 0x000001077c893f40 flushing nmethod 0x00000107011b0490
Event: 290.945 Thread 0x000001077c893f40 flushing nmethod 0x000001070123a310
Event: 295.460 Thread 0x0000010714057370 Thread exited: 0x0000010714057370
Event: 295.924 Thread 0x000001077c9b2530 Thread exited: 0x000001077c9b2530
Event: 297.663 Thread 0x000001077c9b3970 Thread added: 0x000001077c9b3970
Event: 298.934 Thread 0x000001077c9b3970 Thread exited: 0x000001077c9b3970
Event: 301.642 Thread 0x000001077c9acf20 Thread added: 0x000001077c9acf20
Event: 303.497 Thread 0x000001077c9acf20 Thread exited: 0x000001077c9acf20
Event: 47755.283 Thread 0x000001077c9b01c0 Thread added: 0x000001077c9b01c0
Event: 47760.476 Thread 0x000001077c9b01c0 Thread exited: 0x000001077c9b01c0
Event: 47768.199 Thread 0x000001077e9bb170 Thread added: 0x000001077e9bb170
Event: 47768.199 Thread 0x000001077e9baca0 Thread added: 0x000001077e9baca0


Dynamic libraries:
0x00007ff66b680000 - 0x00007ff66b68e000 	C:\Users\Rajkumar\.p2\pool\plugins\org.eclipse.justj.openjdk.hotspot.jre.full.win32.x86_64_17.0.5.v20221102-0933\jre\bin\javaw.exe
0x00007ffd491d0000 - 0x00007ffd493c8000 	C:\WINDOWS\SYSTEM32\ntdll.dll
0x00007ffd481c0000 - 0x00007ffd4827d000 	C:\WINDOWS\System32\KERNEL32.DLL
0x00007ffd46a10000 - 0x00007ffd46d06000 	C:\WINDOWS\System32\KERNELBASE.dll
0x00007ffd46e30000 - 0x00007ffd46f30000 	C:\WINDOWS\System32\ucrtbase.dll
0x00007ffd41e50000 - 0x00007ffd41e67000 	C:\Users\Rajkumar\.p2\pool\plugins\org.eclipse.justj.openjdk.hotspot.jre.full.win32.x86_64_17.0.5.v20221102-0933\jre\bin\jli.dll
0x00007ffd47aa0000 - 0x00007ffd47c3f000 	C:\WINDOWS\System32\USER32.dll
0x00007ffd46880000 - 0x00007ffd468a2000 	C:\WINDOWS\System32\win32u.dll
0x00007ffd48370000 - 0x00007ffd4839b000 	C:\WINDOWS\System32\GDI32.dll
0x00007ffd46d10000 - 0x00007ffd46e27000 	C:\WINDOWS\System32\gdi32full.dll
0x00007ffd46fe0000 - 0x00007ffd4707d000 	C:\WINDOWS\System32\msvcp_win.dll
0x00007ffd41e30000 - 0x00007ffd41e49000 	C:\Users\Rajkumar\.p2\pool\plugins\org.eclipse.justj.openjdk.hotspot.jre.full.win32.x86_64_17.0.5.v20221102-0933\jre\bin\VCRUNTIME140.dll
0x00007ffd31210000 - 0x00007ffd314aa000 	C:\WINDOWS\WinSxS\amd64_microsoft.windows.common-controls_6595b64144ccf1df_6.0.19041.4355_none_60b8b9eb71f62e16\COMCTL32.dll
0x00007ffd47ca0000 - 0x00007ffd47d3e000 	C:\WINDOWS\System32\msvcrt.dll
0x00007ffd490e0000 - 0x00007ffd49112000 	C:\WINDOWS\System32\IMM32.DLL
0x00007ffd41d50000 - 0x00007ffd41d5c000 	C:\Users\Rajkumar\.p2\pool\plugins\org.eclipse.justj.openjdk.hotspot.jre.full.win32.x86_64_17.0.5.v20221102-0933\jre\bin\vcruntime140_1.dll
0x00007ffd415e0000 - 0x00007ffd41671000 	C:\Users\Rajkumar\.p2\pool\plugins\org.eclipse.justj.openjdk.hotspot.jre.full.win32.x86_64_17.0.5.v20221102-0933\jre\bin\msvcp140.dll
0x00007ffcbfd90000 - 0x00007ffcc09d4000 	C:\Users\Rajkumar\.p2\pool\plugins\org.eclipse.justj.openjdk.hotspot.jre.full.win32.x86_64_17.0.5.v20221102-0933\jre\bin\server\jvm.dll
0x00007ffd488c0000 - 0x00007ffd48970000 	C:\WINDOWS\System32\ADVAPI32.dll
0x00007ffd48560000 - 0x00007ffd48600000 	C:\WINDOWS\System32\sechost.dll
0x00007ffd473b0000 - 0x00007ffd474d3000 	C:\WINDOWS\System32\RPCRT4.dll
0x00007ffd47110000 - 0x00007ffd47137000 	C:\WINDOWS\System32\bcrypt.dll
0x00007ffd3cd90000 - 0x00007ffd3cd99000 	C:\WINDOWS\SYSTEM32\WSOCK32.dll
0x00007ffd37fb0000 - 0x00007ffd37fd7000 	C:\WINDOWS\SYSTEM32\WINMM.dll
0x00007ffd40e70000 - 0x00007ffd40e7a000 	C:\WINDOWS\SYSTEM32\VERSION.dll
0x00007ffd48620000 - 0x00007ffd4868b000 	C:\WINDOWS\System32\WS2_32.dll
0x00007ffd44700000 - 0x00007ffd44712000 	C:\WINDOWS\SYSTEM32\kernel.appcore.dll
0x00007ffd3cd00000 - 0x00007ffd3cd0a000 	C:\Users\Rajkumar\.p2\pool\plugins\org.eclipse.justj.openjdk.hotspot.jre.full.win32.x86_64_17.0.5.v20221102-0933\jre\bin\jimage.dll
0x00007ffd372e0000 - 0x00007ffd374c4000 	C:\WINDOWS\SYSTEM32\DBGHELP.DLL
0x00007ffd34130000 - 0x00007ffd34164000 	C:\WINDOWS\SYSTEM32\dbgcore.DLL
0x00007ffd47080000 - 0x00007ffd47102000 	C:\WINDOWS\System32\bcryptPrimitives.dll
0x00007ffd41c30000 - 0x00007ffd41c6b000 	C:\Users\Rajkumar\.p2\pool\plugins\org.eclipse.justj.openjdk.hotspot.jre.full.win32.x86_64_17.0.5.v20221102-0933\jre\bin\jdwp.dll
0x00007ffd41c20000 - 0x00007ffd41c2e000 	C:\Users\Rajkumar\.p2\pool\plugins\org.eclipse.justj.openjdk.hotspot.jre.full.win32.x86_64_17.0.5.v20221102-0933\jre\bin\instrument.dll
0x00007ffd269e0000 - 0x00007ffd26a05000 	C:\Users\Rajkumar\.p2\pool\plugins\org.eclipse.justj.openjdk.hotspot.jre.full.win32.x86_64_17.0.5.v20221102-0933\jre\bin\java.dll
0x00007ffd269c0000 - 0x00007ffd269d8000 	C:\Users\Rajkumar\.p2\pool\plugins\org.eclipse.justj.openjdk.hotspot.jre.full.win32.x86_64_17.0.5.v20221102-0933\jre\bin\zip.dll
0x00007ffd48970000 - 0x00007ffd490db000 	C:\WINDOWS\System32\SHELL32.dll
0x00007ffd44900000 - 0x00007ffd4509d000 	C:\WINDOWS\SYSTEM32\windows.storage.dll
0x00007ffd47740000 - 0x00007ffd47a93000 	C:\WINDOWS\System32\combase.dll
0x00007ffd461d0000 - 0x00007ffd461fe000 	C:\WINDOWS\SYSTEM32\Wldp.dll
0x00007ffd48740000 - 0x00007ffd4880d000 	C:\WINDOWS\System32\OLEAUT32.dll
0x00007ffd48690000 - 0x00007ffd4873d000 	C:\WINDOWS\System32\SHCORE.dll
0x00007ffd47660000 - 0x00007ffd476b5000 	C:\WINDOWS\System32\shlwapi.dll
0x00007ffd467b0000 - 0x00007ffd467d4000 	C:\WINDOWS\SYSTEM32\profapi.dll
0x00007ffd41c10000 - 0x00007ffd41c1c000 	C:\Users\Rajkumar\.p2\pool\plugins\org.eclipse.justj.openjdk.hotspot.jre.full.win32.x86_64_17.0.5.v20221102-0933\jre\bin\dt_socket.dll
0x00007ffd45c10000 - 0x00007ffd45c4b000 	C:\WINDOWS\SYSTEM32\IPHLPAPI.DLL
0x00007ffd45f30000 - 0x00007ffd45f9a000 	C:\WINDOWS\system32\mswsock.dll
0x00007ffd45c50000 - 0x00007ffd45d1b000 	C:\WINDOWS\SYSTEM32\DNSAPI.dll
0x00007ffd49180000 - 0x00007ffd49188000 	C:\WINDOWS\System32\NSI.dll
0x00007ffd3ca10000 - 0x00007ffd3ca1a000 	C:\Windows\System32\rasadhlp.dll
0x00007ffd3d9b0000 - 0x00007ffd3da30000 	C:\WINDOWS\System32\fwpuclnt.dll
0x00007ffd42270000 - 0x00007ffd42289000 	C:\Users\Rajkumar\.p2\pool\plugins\org.eclipse.justj.openjdk.hotspot.jre.full.win32.x86_64_17.0.5.v20221102-0933\jre\bin\net.dll
0x00007ffd3f140000 - 0x00007ffd3f24a000 	C:\WINDOWS\SYSTEM32\WINHTTP.dll
0x00007ffd41f10000 - 0x00007ffd41f25000 	C:\Users\Rajkumar\.p2\pool\plugins\org.eclipse.justj.openjdk.hotspot.jre.full.win32.x86_64_17.0.5.v20221102-0933\jre\bin\nio.dll
0x00007ffd42260000 - 0x00007ffd42270000 	C:\Users\Rajkumar\.p2\pool\plugins\org.eclipse.justj.openjdk.hotspot.jre.full.win32.x86_64_17.0.5.v20221102-0933\jre\bin\verify.dll
0x00007ffd41c00000 - 0x00007ffd41c09000 	C:\Users\Rajkumar\.p2\pool\plugins\org.eclipse.justj.openjdk.hotspot.jre.full.win32.x86_64_17.0.5.v20221102-0933\jre\bin\management.dll
0x00007ffd418b0000 - 0x00007ffd418bb000 	C:\Users\Rajkumar\.p2\pool\plugins\org.eclipse.justj.openjdk.hotspot.jre.full.win32.x86_64_17.0.5.v20221102-0933\jre\bin\management_ext.dll
0x00007ffd481b0000 - 0x00007ffd481b8000 	C:\WINDOWS\System32\PSAPI.DLL
0x00007ffd41eb0000 - 0x00007ffd41ebe000 	C:\Users\Rajkumar\.p2\pool\plugins\org.eclipse.justj.openjdk.hotspot.jre.full.win32.x86_64_17.0.5.v20221102-0933\jre\bin\sunmscapi.dll
0x00007ffd468b0000 - 0x00007ffd46a0e000 	C:\WINDOWS\System32\CRYPT32.dll
0x00007ffd46240000 - 0x00007ffd46269000 	C:\WINDOWS\SYSTEM32\ncrypt.dll
0x00007ffd46200000 - 0x00007ffd4623b000 	C:\WINDOWS\SYSTEM32\NTASN1.dll
0x00007ffd46130000 - 0x00007ffd46148000 	C:\WINDOWS\SYSTEM32\CRYPTSP.dll
0x00007ffd45850000 - 0x00007ffd45884000 	C:\WINDOWS\system32\rsaenh.dll
0x00007ffd46760000 - 0x00007ffd4678e000 	C:\WINDOWS\SYSTEM32\USERENV.dll
0x00007ffd46120000 - 0x00007ffd4612c000 	C:\WINDOWS\SYSTEM32\CRYPTBASE.dll
0x00007ffd40060000 - 0x00007ffd40077000 	C:\WINDOWS\SYSTEM32\dhcpcsvc6.DLL
0x00007ffd40440000 - 0x00007ffd4045d000 	C:\WINDOWS\SYSTEM32\dhcpcsvc.DLL
0x00007ffd418a0000 - 0x00007ffd418a7000 	C:\WINDOWS\system32\wshunix.dll

dbghelp: loaded successfully - version: 4.0.5 - missing functions: none
symbol engine: initialized successfully - sym options: 0x614 - pdb path: .;C:\Users\Rajkumar\.p2\pool\plugins\org.eclipse.justj.openjdk.hotspot.jre.full.win32.x86_64_17.0.5.v20221102-0933\jre\bin;C:\WINDOWS\SYSTEM32;C:\WINDOWS\WinSxS\amd64_microsoft.windows.common-controls_6595b64144ccf1df_6.0.19041.4355_none_60b8b9eb71f62e16;C:\Users\Rajkumar\.p2\pool\plugins\org.eclipse.justj.openjdk.hotspot.jre.full.win32.x86_64_17.0.5.v20221102-0933\jre\bin\server

VM Arguments:
jvm_args: -XX:+ShowCodeDetailsInExceptionMessages -agentlib:jdwp=transport=dt_socket,suspend=y,address=localhost:52142 -javaagent:C:\Users\Rajkumar\eclipse\jee-2022-12\eclipse\configuration\org.eclipse.osgi\420\0\.cp\lib\javaagent-shaded.jar -Dfile.encoding=UTF-8 
java_command: com.project.urlshortener.UrlshortenerApplication
java_class_path (initial): F:\urlshortener\target\classes;C:\Users\Rajkumar\.m2\repository\org\springframework\boot\spring-boot-starter-web\3.2.5\spring-boot-starter-web-3.2.5.jar;C:\Users\Rajkumar\.m2\repository\org\springframework\boot\spring-boot-starter\3.2.5\spring-boot-starter-3.2.5.jar;C:\Users\Rajkumar\.m2\repository\org\springframework\boot\spring-boot-starter-logging\3.2.5\spring-boot-starter-logging-3.2.5.jar;C:\Users\Rajkumar\.m2\repository\ch\qos\logback\logback-classic\1.4.14\logback-classic-1.4.14.jar;C:\Users\Rajkumar\.m2\repository\ch\qos\logback\logback-core\1.4.14\logback-core-1.4.14.jar;C:\Users\Rajkumar\.m2\repository\org\apache\logging\log4j\log4j-to-slf4j\2.21.1\log4j-to-slf4j-2.21.1.jar;C:\Users\Rajkumar\.m2\repository\org\apache\logging\log4j\log4j-api\2.21.1\log4j-api-2.21.1.jar;C:\Users\Rajkumar\.m2\repository\org\slf4j\jul-to-slf4j\2.0.13\jul-to-slf4j-2.0.13.jar;C:\Users\Rajkumar\.m2\repository\jakarta\annotation\jakarta.annotation-api\2.1.1\jakarta.annotation-api-2.1.1.jar;C:\Users\Rajkumar\.m2\repository\org\yaml\snakeyaml\2.2\snakeyaml-2.2.jar;C:\Users\Rajkumar\.m2\repository\org\springframework\boot\spring-boot-starter-json\3.2.5\spring-boot-starter-json-3.2.5.jar;C:\Users\Rajkumar\.m2\repository\com\fasterxml\jackson\core\jackson-databind\2.15.4\jackson-databind-2.15.4.jar;C:\Users\Rajkumar\.m2\repository\com\fasterxml\jackson\core\jackson-annotations\2.15.4\jackson-annotations-2.15.4.jar;C:\Users\Rajkumar\.m2\repository\com\fasterxml\jackson\core\jackson-core\2.15.4\jackson-core-2.15.4.jar;C:\Users\Rajkumar\.m2\repository\com\fasterxml\jackson\datatype\jackson-datatype-jdk8\2.15.4\jackson-datatype-jdk8-2.15.4.jar;C:\Users\Rajkumar\.m2\repository\com\fasterxml\jackson\datatype\jackson-datatype-jsr310\2.15.4\jackson-datatype-jsr310-2.15.4.jar;C:\Users\Rajkumar\.m2\repository\com\fasterxml\jackson\module\jackson-module-parameter-names\2.15.4\jackson-module-parameter-names-2.15.4.jar;C:\Users\Rajkumar\.m2\repository\org\springframewor
Launcher Type: SUN_STANDARD

[Global flags]
     intx CICompilerCount                          = 3                                         {product} {ergonomic}
     uint ConcGCThreads                            = 1                                         {product} {ergonomic}
     uint G1ConcRefinementThreads                  = 4                                         {product} {ergonomic}
   size_t G1HeapRegionSize                         = 1048576                                   {product} {ergonomic}
    uintx GCDrainStackTargetSize                   = 64                                        {product} {ergonomic}
   size_t InitialHeapSize                          = 134217728                                 {product} {ergonomic}
   size_t MarkStackSize                            = 4194304                                   {product} {ergonomic}
   size_t MaxHeapSize                              = 2118123520                                {product} {ergonomic}
   size_t MaxNewSize                               = 1270874112                                {product} {ergonomic}
   size_t MinHeapDeltaBytes                        = 1048576                                   {product} {ergonomic}
   size_t MinHeapSize                              = 8388608                                   {product} {ergonomic}
    uintx NonNMethodCodeHeapSize                   = 5832780                                {pd product} {ergonomic}
    uintx NonProfiledCodeHeapSize                  = 122912730                              {pd product} {ergonomic}
    uintx ProfiledCodeHeapSize                     = 122912730                              {pd product} {ergonomic}
    uintx ReservedCodeCacheSize                    = 251658240                              {pd product} {ergonomic}
     bool SegmentedCodeCache                       = true                                      {product} {ergonomic}
     bool ShowCodeDetailsInExceptionMessages       = true                                   {manageable} {command line}
   size_t SoftMaxHeapSize                          = 2118123520                             {manageable} {ergonomic}
     bool UseCompressedClassPointers               = true                           {product lp64_product} {ergonomic}
     bool UseCompressedOops                        = true                           {product lp64_product} {ergonomic}
     bool UseG1GC                                  = true                                      {product} {ergonomic}
     bool UseLargePagesIndividualAllocation        = false                                  {pd product} {ergonomic}

Logging:
Log output configuration:
 #0: stdout all=warning uptime,level,tags
 #1: stderr all=off uptime,level,tags

Environment Variables:
PATH=C:\Users\Rajkumar\.p2\pool\plugins\org.eclipse.justj.openjdk.hotspot.jre.full.win32.x86_64_17.0.5.v20221102-0933\jre\bin;C:/Users/Rajkumar/.p2/pool/plugins/org.eclipse.justj.openjdk.hotspot.jre.full.win32.x86_64_17.0.5.v20221102-0933/jre/bin/server;C:/Users/Rajkumar/.p2/pool/plugins/org.eclipse.justj.openjdk.hotspot.jre.full.win32.x86_64_17.0.5.v20221102-0933/jre/bin;C:\WINDOWS\system32;C:\WINDOWS;C:\WINDOWS\System32\Wbem;C:\WINDOWS\System32\WindowsPowerShell\v1.0\;C:\WINDOWS\System32\OpenSSH\;C:\Users\Rajkumar\AppData\Local\Microsoft\WindowsApps;;C:\Users\Rajkumar\OneDrive\Desktop;
USERNAME=Rajkumar
OS=Windows_NT
PROCESSOR_IDENTIFIER=Intel64 Family 6 Model 158 Stepping 9, GenuineIntel
TMP=C:\Users\Rajkumar\AppData\Local\Temp
TEMP=C:\Users\Rajkumar\AppData\Local\Temp



---------------  S Y S T E M  ---------------

OS:
 Windows 10 , 64 bit Build 19041 (10.0.19041.3636)
OS uptime: 0 days 14:31 hours

CPU: total 4 (initial active 4) (4 cores per cpu, 1 threads per core) family 6 model 158 stepping 9 microcode 0xb4, cx8, cmov, fxsr, mmx, 3dnowpref, sse, sse2, sse3, ssse3, sse4.1, sse4.2, popcnt, lzcnt, tsc, tscinvbit, avx, avx2, aes, erms, clmul, bmi1, bmi2, adx, fma, vzeroupper, clflush, clflushopt

Memory: 4k page, system-wide physical 8073M (2265M free)
TotalPageFile size 9417M (AvailPageFile size 1942M)
current process WorkingSet (physical memory assigned to process): 267M, peak: 378M
current process commit charge ("private bytes"): 294M, peak: 401M

vm_info: OpenJDK 64-Bit Server VM (17.0.5+8) for windows-amd64 JRE (17.0.5+8), built on Oct 19 2022 04:48:13 by "temurin" with MS VC++ 16.7 (VS2019)

END.
